module-edu-child/build/outputs/logs/manifest-merger-debug-report.txt
-- Merging decision tree log ---
manifest
ADDED from src\main\AndroidManifest.xml:1:1-48:12
INJECTED from src\main\AndroidManifest.xml:1:1-48:12
INJECTED from src\main\AndroidManifest.xml:1:1-48:12
INJECTED from src\main\AndroidManifest.xml:1:1-48:12
INJECTED from src\main\AndroidManifest.xml:1:1-48:12
INJECTED from src\main\AndroidManifest.xml:1:1-48:12
INJECTED from src\main\AndroidManifest.xml:1:1-48:12
	package
		ADDED from src\main\AndroidManifest.xml:2:5-40
		INJECTED from src\main\AndroidManifest.xml
		INJECTED from src\main\AndroidManifest.xml
	android:versionName
		INJECTED from src\main\AndroidManifest.xml
		ADDED from src\main\AndroidManifest.xml:1:1-48:12
		INJECTED from src\main\AndroidManifest.xml
	android:versionCode
		INJECTED from src\main\AndroidManifest.xml
		ADDED from src\main\AndroidManifest.xml:1:1-48:12
		INJECTED from src\main\AndroidManifest.xml
	xmlns:android
		ADDED from src\main\AndroidManifest.xml:1:11-69
application
ADDED from src\main\AndroidManifest.xml:4:5-47:19
activity#com.gcml.module_edu_child.ui.ChildEduBrainTeaserActivity
ADDED from src\main\AndroidManifest.xml:5:9-7:53
	android:screenOrientation
		ADDED from src\main\AndroidManifest.xml:7:13-50
	android:name
		ADDED from src\main\AndroidManifest.xml:6:13-59
activity#com.gcml.module_edu_child.ui.ChildEduCartoonActivity
ADDED from src\main\AndroidManifest.xml:8:9-10:53
	android:screenOrientation
		ADDED from src\main\AndroidManifest.xml:10:13-50
	android:name
		ADDED from src\main\AndroidManifest.xml:9:13-55
activity#com.gcml.module_edu_child.ui.ChildEduEntertainmentActivity
ADDED from src\main\AndroidManifest.xml:11:9-13:53
	android:screenOrientation
		ADDED from src\main\AndroidManifest.xml:13:13-50
	android:name
		ADDED from src\main\AndroidManifest.xml:12:13-61
activity#com.gcml.module_edu_child.ui.ChildEduHomeActivity
ADDED from src\main\AndroidManifest.xml:14:9-16:53
	android:screenOrientation
		ADDED from src\main\AndroidManifest.xml:16:13-50
	android:name
		ADDED from src\main\AndroidManifest.xml:15:13-52
activity#com.gcml.module_edu_child.ui.ChildEduJokesActivity
ADDED from src\main\AndroidManifest.xml:17:9-19:53
	android:screenOrientation
		ADDED from src\main\AndroidManifest.xml:19:13-50
	android:name
		ADDED from src\main\AndroidManifest.xml:18:13-53
activity#com.gcml.module_edu_child.ui.ChildEduPoemListActivity
ADDED from src\main\AndroidManifest.xml:20:9-22:53
	android:screenOrientation
		ADDED from src\main\AndroidManifest.xml:22:13-50
	android:name
		ADDED from src\main\AndroidManifest.xml:21:13-56
activity#com.gcml.module_edu_child.ui.ChildEduPoemDetailsActivity
ADDED from src\main\AndroidManifest.xml:23:9-25:53
	android:screenOrientation
		ADDED from src\main\AndroidManifest.xml:25:13-50
	android:name
		ADDED from src\main\AndroidManifest.xml:24:13-59
activity#com.gcml.module_edu_child.ui.ChildEduSheetDetailsActivity
ADDED from src\main\AndroidManifest.xml:26:9-28:53
	android:screenOrientation
		ADDED from src\main\AndroidManifest.xml:28:13-50
	android:name
		ADDED from src\main\AndroidManifest.xml:27:13-60
activity#com.gcml.module_edu_child.ui.ChildEduSheetListActivity
ADDED from src\main\AndroidManifest.xml:29:9-31:53
	android:screenOrientation
		ADDED from src\main\AndroidManifest.xml:31:13-50
	android:name
		ADDED from src\main\AndroidManifest.xml:30:13-57
activity#com.gcml.module_edu_child.ui.ChildEduStoriesActivity
ADDED from src\main\AndroidManifest.xml:32:9-34:53
	android:screenOrientation
		ADDED from src\main\AndroidManifest.xml:34:13-50
	android:name
		ADDED from src\main\AndroidManifest.xml:33:13-55
activity#com.gcml.module_edu_child.ui.ChildEduStories2Activity
ADDED from src\main\AndroidManifest.xml:35:9-37:53
	android:screenOrientation
		ADDED from src\main\AndroidManifest.xml:37:13-50
	android:name
		ADDED from src\main\AndroidManifest.xml:36:13-56
activity#com.gcml.module_edu_child.ui.ChildEduStudyActivity
ADDED from src\main\AndroidManifest.xml:38:9-40:53
	android:screenOrientation
		ADDED from src\main\AndroidManifest.xml:40:13-50
	android:name
		ADDED from src\main\AndroidManifest.xml:39:13-53
activity#com.gcml.module_edu_child.ui.ChildEduWhyActivity
ADDED from src\main\AndroidManifest.xml:41:9-43:53
	android:screenOrientation
		ADDED from src\main\AndroidManifest.xml:43:13-50
	android:name
		ADDED from src\main\AndroidManifest.xml:42:13-51
activity#com.gcml.module_edu_child.ui.ChildEduWordsActivity
ADDED from src\main\AndroidManifest.xml:44:9-46:53
	android:screenOrientation
		ADDED from src\main\AndroidManifest.xml:46:13-50
	android:name
		ADDED from src\main\AndroidManifest.xml:45:13-53
uses-sdk
INJECTED from src\main\AndroidManifest.xml reason: use-sdk injection requested
INJECTED from src\main\AndroidManifest.xml
INJECTED from src\main\AndroidManifest.xml
INJECTED from src\main\AndroidManifest.xml
INJECTED from src\main\AndroidManifest.xml
	android:targetSdkVersion
		INJECTED from src\main\AndroidManifest.xml
		ADDED from src\main\AndroidManifest.xml
		INJECTED from src\main\AndroidManifest.xml
	android:minSdkVersion
		INJECTED from src\main\AndroidManifest.xml
		ADDED from src\main\AndroidManifest.xml
		INJECTED from src\main\AndroidManifest.xml